# JRE version: OpenJDK Runtime Environment (17.0.4.1) (build 17.0.4.1+0-b2043.56-9127311)
# Java VM: OpenJDK 64-Bit Server VM (17.0.4.1+0-b2043.56-9127311, mixed mode, tiered, compressed oops, compressed class ptrs, g1 gc, windows-amd64)
GC Precious Log:
 CPUs: 4 total, 4 available
 Memory: 8067M
 Large Page Support: Disabled
 NUMA Support: Disabled
 Compressed Oops: Enabled (32-bit)
 Heap Region Size: 1M
 Heap Min Capacity: 8M
 Heap Initial Capacity: 128M
 Heap Max Capacity: 2G
 Pre-touch: Disabled
 Parallel Workers: 4
 Concurrent Workers: 1
 Concurrent Refinement Workers: 4
 Periodic GC: Disabled
Heap:
 garbage-first heap   total 331776K, used 209375K [0x0000000080000000, 0x0000000100000000)
  region size 1024K, 10 young (10240K), 10 survivors (10240K)
 Metaspace       used 125475K, committed 126272K, reserved 1163264K
  class space    used 16531K, committed 16896K, reserved 1048576K
GC Heap History (20 events):
Event: 59.130 GC heap after
{Heap after GC invocations=57 (full 0):
 garbage-first heap   total 266240K, used 145564K [0x0000000080000000, 0x0000000100000000)
  region size 1024K, 6 young (6144K), 6 survivors (6144K)
 Metaspace       used 120981K, committed 121728K, reserved 1155072K
  class space    used 15960K, committed 16320K, reserved 1048576K
}
Event: 60.014 GC heap before
{Heap before GC invocations=57 (full 0):
 garbage-first heap   total 266240K, used 223388K [0x0000000080000000, 0x0000000100000000)
  region size 1024K, 83 young (84992K), 6 survivors (6144K)
 Metaspace       used 121197K, committed 121920K, reserved 1155072K
  class space    used 15983K, committed 16320K, reserved 1048576K
}
Event: 60.024 GC heap after
{Heap after GC invocations=58 (full 0):
 garbage-first heap   total 266240K, used 144651K [0x0000000080000000, 0x0000000100000000)
  region size 1024K, 5 young (5120K), 5 survivors (5120K)
 Metaspace       used 121197K, committed 121920K, reserved 1155072K
  class space    used 15983K, committed 16320K, reserved 1048576K
}
Event: 61.049 GC heap before
{Heap before GC invocations=58 (full 0):
 garbage-first heap   total 266240K, used 226571K [0x0000000080000000, 0x0000000100000000)
  region size 1024K, 85 young (87040K), 5 survivors (5120K)
 Metaspace       used 121225K, committed 122048K, reserved 1155072K
  class space    used 15986K, committed 16384K, reserved 1048576K
}
Event: 61.060 GC heap after
{Heap after GC invocations=59 (full 0):
 garbage-first heap   total 266240K, used 145200K [0x0000000080000000, 0x0000000100000000)
  region size 1024K, 5 young (5120K), 5 survivors (5120K)
 Metaspace       used 121225K, committed 122048K, reserved 1155072K
  class space    used 15986K, committed 16384K, reserved 1048576K
}
Event: 61.921 GC heap before
{Heap before GC invocations=59 (full 0):
 garbage-first heap   total 266240K, used 229168K [0x0000000080000000, 0x0000000100000000)
  region size 1024K, 87 young (89088K), 5 survivors (5120K)
 Metaspace       used 121263K, committed 122048K, reserved 1155072K
  class space    used 15987K, committed 16384K, reserved 1048576K
}
Event: 61.932 GC heap after
{Heap after GC invocations=60 (full 0):
 garbage-first heap   total 266240K, used 145094K [0x0000000080000000, 0x0000000100000000)
  region size 1024K, 5 young (5120K), 5 survivors (5120K)
 Metaspace       used 121263K, committed 122048K, reserved 1155072K
  class space    used 15987K, committed 16384K, reserved 1048576K
}
Event: 63.759 GC heap before
{Heap before GC invocations=60 (full 0):
 garbage-first heap   total 266240K, used 241350K [0x0000000080000000, 0x0000000100000000)
  region size 1024K, 90 young (92160K), 5 survivors (5120K)
 Metaspace       used 123600K, committed 124352K, reserved 1163264K
  class space    used 16318K, committed 16704K, reserved 1048576K
}
Event: 63.774 GC heap after
{Heap after GC invocations=61 (full 0):
 garbage-first heap   total 266240K, used 159219K [0x0000000080000000, 0x0000000100000000)
  region size 1024K, 9 young (9216K), 9 survivors (9216K)
 Metaspace       used 123600K, committed 124352K, reserved 1163264K
  class space    used 16318K, committed 16704K, reserved 1048576K
}
Event: 63.842 GC heap before
{Heap before GC invocations=61 (full 0):
 garbage-first heap   total 266240K, used 194035K [0x0000000080000000, 0x0000000100000000)
  region size 1024K, 26 young (26624K), 9 survivors (9216K)
 Metaspace       used 123839K, committed 124608K, reserved 1163264K
  class space    used 16361K, committed 16704K, reserved 1048576K
}
Event: 63.855 GC heap after
{Heap after GC invocations=62 (full 0):
 garbage-first heap   total 266240K, used 173646K [0x0000000080000000, 0x0000000100000000)
  region size 1024K, 10 young (10240K), 10 survivors (10240K)
 Metaspace       used 123839K, committed 124608K, reserved 1163264K
  class space    used 16361K, committed 16704K, reserved 1048576K
}
Event: 64.370 GC heap before
{Heap before GC invocations=62 (full 0):
 garbage-first heap   total 266240K, used 233038K [0x0000000080000000, 0x0000000100000000)
  region size 1024K, 63 young (64512K), 10 survivors (10240K)
 Metaspace       used 124555K, committed 125376K, reserved 1163264K
  class space    used 16446K, committed 16832K, reserved 1048576K
}
Event: 64.396 GC heap after
{Heap after GC invocations=63 (full 0):
 garbage-first heap   total 266240K, used 184112K [0x0000000080000000, 0x0000000100000000)
  region size 1024K, 8 young (8192K), 8 survivors (8192K)
 Metaspace       used 124555K, committed 125376K, reserved 1163264K
  class space    used 16446K, committed 16832K, reserved 1048576K
}
Event: 64.478 GC heap before
{Heap before GC invocations=63 (full 0):
 garbage-first heap   total 266240K, used 191280K [0x0000000080000000, 0x0000000100000000)
  region size 1024K, 17 young (17408K), 8 survivors (8192K)
 Metaspace       used 124705K, committed 125504K, reserved 1163264K
  class space    used 16461K, committed 16832K, reserved 1048576K
}
Event: 64.496 GC heap after
{Heap after GC invocations=64 (full 0):
 garbage-first heap   total 266240K, used 187655K [0x0000000080000000, 0x0000000100000000)
  region size 1024K, 3 young (3072K), 3 survivors (3072K)
 Metaspace       used 124705K, committed 125504K, reserved 1163264K
  class space    used 16461K, committed 16832K, reserved 1048576K
}
Event: 65.354 GC heap before
{Heap before GC invocations=65 (full 0):
 garbage-first heap   total 331776K, used 219399K [0x0000000080000000, 0x0000000100000000)
  region size 1024K, 37 young (37888K), 3 survivors (3072K)
 Metaspace       used 125373K, committed 126144K, reserved 1163264K
  class space    used 16531K, committed 16896K, reserved 1048576K
}
Event: 65.382 GC heap after
{Heap after GC invocations=66 (full 0):
 garbage-first heap   total 331776K, used 195584K [0x0000000080000000, 0x0000000100000000)
  region size 1024K, 5 young (5120K), 5 survivors (5120K)
 Metaspace       used 125373K, committed 126144K, reserved 1163264K
  class space    used 16531K, committed 16896K, reserved 1048576K
}
Event: 65.492 GC heap before
{Heap before GC invocations=66 (full 0):
 garbage-first heap   total 331776K, used 205824K [0x0000000080000000, 0x0000000100000000)
  region size 1024K, 16 young (16384K), 5 survivors (5120K)
 Metaspace       used 125432K, committed 126208K, reserved 1163264K
  class space    used 16531K, committed 16896K, reserved 1048576K
}
Event: 65.520 GC heap after
{Heap after GC invocations=67 (full 0):
 garbage-first heap   total 331776K, used 173821K [0x0000000080000000, 0x0000000100000000)
  region size 1024K, 2 young (2048K), 2 survivors (2048K)
 Metaspace       used 125432K, committed 126208K, reserved 1163264K
  class space    used 16531K, committed 16896K, reserved 1048576K
}
Event: 65.972 GC heap before
{Heap before GC invocations=67 (full 0):
 garbage-first heap   total 331776K, used 246525K [0x0000000080000000, 0x0000000100000000)
  region size 1024K, 73 young (74752K), 2 survivors (2048K)
 Metaspace       used 125475K, committed 126272K, reserved 1163264K
  class space    used 16531K, committed 16896K, reserved 1048576K
}

