# JRE version: OpenJDK Runtime Environment (17.0.4.1) (build 17.0.4.1+0-b2043.56-9127311)
# Java VM: OpenJDK 64-Bit Server VM (17.0.4.1+0-b2043.56-9127311, mixed mode, tiered, compressed oops, compressed class ptrs, g1 gc, windows-amd64)
GC Precious Log:
 CPUs: 4 total, 4 available
 Memory: 8067M
 Large Page Support: Disabled
 NUMA Support: Disabled
 Compressed Oops: Enabled (32-bit)
 Heap Region Size: 1M
 Heap Min Capacity: 8M
 Heap Initial Capacity: 128M
 Heap Max Capacity: 2G
 Pre-touch: Disabled
 Parallel Workers: 4
 Concurrent Workers: 1
 Concurrent Refinement Workers: 4
 Periodic GC: Disabled
Heap:
 garbage-first heap   total 414720K, used 132947K [0x0000000080000000, 0x0000000100000000)
  region size 1024K, 2 young (2048K), 2 survivors (2048K)
 Metaspace       used 148407K, committed 149760K, reserved 1179648K
  class space    used 19200K, committed 19840K, reserved 1048576K
GC Heap History (20 events):
Event: 694.883 GC heap after
{Heap after GC invocations=67 (full 0):
 garbage-first heap   total 414720K, used 155632K [0x0000000080000000, 0x0000000100000000)
  region size 1024K, 2 young (2048K), 2 survivors (2048K)
 Metaspace       used 141963K, committed 143232K, reserved 1179648K
  class space    used 18674K, committed 19264K, reserved 1048576K
}
Event: 695.268 GC heap before
{Heap before GC invocations=67 (full 0):
 garbage-first heap   total 414720K, used 165872K [0x0000000080000000, 0x0000000100000000)
  region size 1024K, 13 young (13312K), 2 survivors (2048K)
 Metaspace       used 142039K, committed 143360K, reserved 1179648K
  class space    used 18680K, committed 19264K, reserved 1048576K
}
Event: 695.281 GC heap after
{Heap after GC invocations=68 (full 0):
 garbage-first heap   total 414720K, used 160514K [0x0000000080000000, 0x0000000100000000)
  region size 1024K, 7 young (7168K), 7 survivors (7168K)
 Metaspace       used 142039K, committed 143360K, reserved 1179648K
  class space    used 18680K, committed 19264K, reserved 1048576K
}
Event: 1612.545 GC heap before
{Heap before GC invocations=69 (full 0):
 garbage-first heap   total 414720K, used 367362K [0x0000000080000000, 0x0000000100000000)
  region size 1024K, 173 young (177152K), 7 survivors (7168K)
 Metaspace       used 147534K, committed 148928K, reserved 1179648K
  class space    used 19187K, committed 19840K, reserved 1048576K
}
Event: 1612.560 GC heap after
{Heap after GC invocations=70 (full 0):
 garbage-first heap   total 414720K, used 155632K [0x0000000080000000, 0x0000000100000000)
  region size 1024K, 5 young (5120K), 5 survivors (5120K)
 Metaspace       used 147534K, committed 148928K, reserved 1179648K
  class space    used 19187K, committed 19840K, reserved 1048576K
}
Event: 1612.844 GC heap before
{Heap before GC invocations=70 (full 0):
 garbage-first heap   total 414720K, used 169968K [0x0000000080000000, 0x0000000100000000)
  region size 1024K, 20 young (20480K), 5 survivors (5120K)
 Metaspace       used 147551K, committed 148928K, reserved 1179648K
  class space    used 19187K, committed 19840K, reserved 1048576K
}
Event: 1612.862 GC heap after
{Heap after GC invocations=71 (full 0):
 garbage-first heap   total 414720K, used 148252K [0x0000000080000000, 0x0000000100000000)
  region size 1024K, 3 young (3072K), 3 survivors (3072K)
 Metaspace       used 147551K, committed 148928K, reserved 1179648K
  class space    used 19187K, committed 19840K, reserved 1048576K
}
Event: 1613.371 GC heap before
{Heap before GC invocations=71 (full 0):
 garbage-first heap   total 414720K, used 169756K [0x0000000080000000, 0x0000000100000000)
  region size 1024K, 26 young (26624K), 3 survivors (3072K)
 Metaspace       used 147616K, committed 148992K, reserved 1179648K
  class space    used 19188K, committed 19840K, reserved 1048576K
}
Event: 1613.381 GC heap after
{Heap after GC invocations=72 (full 0):
 garbage-first heap   total 414720K, used 150708K [0x0000000080000000, 0x0000000100000000)
  region size 1024K, 5 young (5120K), 5 survivors (5120K)
 Metaspace       used 147616K, committed 148992K, reserved 1179648K
  class space    used 19188K, committed 19840K, reserved 1048576K
}
Event: 1625.641 GC heap before
{Heap before GC invocations=73 (full 0):
 garbage-first heap   total 414720K, used 321716K [0x0000000080000000, 0x0000000100000000)
  region size 1024K, 159 young (162816K), 5 survivors (5120K)
 Metaspace       used 147885K, committed 149248K, reserved 1179648K
  class space    used 19193K, committed 19840K, reserved 1048576K
}
Event: 1625.658 GC heap after
{Heap after GC invocations=74 (full 0):
 garbage-first heap   total 414720K, used 151055K [0x0000000080000000, 0x0000000100000000)
  region size 1024K, 11 young (11264K), 11 survivors (11264K)
 Metaspace       used 147885K, committed 149248K, reserved 1179648K
  class space    used 19193K, committed 19840K, reserved 1048576K
}
Event: 1626.087 GC heap before
{Heap before GC invocations=74 (full 0):
 garbage-first heap   total 414720K, used 159247K [0x0000000080000000, 0x0000000100000000)
  region size 1024K, 20 young (20480K), 11 survivors (11264K)
 Metaspace       used 147953K, committed 149312K, reserved 1179648K
  class space    used 19196K, committed 19840K, reserved 1048576K
}
Event: 1626.122 GC heap after
{Heap after GC invocations=75 (full 0):
 garbage-first heap   total 414720K, used 129439K [0x0000000080000000, 0x0000000100000000)
  region size 1024K, 2 young (2048K), 2 survivors (2048K)
 Metaspace       used 147953K, committed 149312K, reserved 1179648K
  class space    used 19196K, committed 19840K, reserved 1048576K
}
Event: 1626.460 GC heap before
{Heap before GC invocations=75 (full 0):
 garbage-first heap   total 414720K, used 134559K [0x0000000080000000, 0x0000000100000000)
  region size 1024K, 8 young (8192K), 2 survivors (2048K)
 Metaspace       used 147974K, committed 149376K, reserved 1179648K
  class space    used 19196K, committed 19840K, reserved 1048576K
}
Event: 1626.463 GC heap after
{Heap after GC invocations=76 (full 0):
 garbage-first heap   total 414720K, used 129024K [0x0000000080000000, 0x0000000100000000)
  region size 1024K, 1 young (1024K), 1 survivors (1024K)
 Metaspace       used 147974K, committed 149376K, reserved 1179648K
  class space    used 19196K, committed 19840K, reserved 1048576K
}
Event: 1797.254 GC heap before
{Heap before GC invocations=77 (full 0):
 garbage-first heap   total 414720K, used 348160K [0x0000000080000000, 0x0000000100000000)
  region size 1024K, 190 young (194560K), 1 survivors (1024K)
 Metaspace       used 148326K, committed 149696K, reserved 1179648K
  class space    used 19197K, committed 19840K, reserved 1048576K
}
Event: 1797.268 GC heap after
{Heap after GC invocations=78 (full 0):
 garbage-first heap   total 414720K, used 137917K [0x0000000080000000, 0x0000000100000000)
  region size 1024K, 8 young (8192K), 8 survivors (8192K)
 Metaspace       used 148326K, committed 149696K, reserved 1179648K
  class space    used 19197K, committed 19840K, reserved 1048576K
}
Event: 1797.485 GC heap before
{Heap before GC invocations=78 (full 0):
 garbage-first heap   total 414720K, used 149181K [0x0000000080000000, 0x0000000100000000)
  region size 1024K, 20 young (20480K), 8 survivors (8192K)
 Metaspace       used 148398K, committed 149760K, reserved 1179648K
  class space    used 19200K, committed 19840K, reserved 1048576K
}
Event: 1797.512 GC heap after
{Heap after GC invocations=79 (full 0):
 garbage-first heap   total 414720K, used 132676K [0x0000000080000000, 0x0000000100000000)
  region size 1024K, 2 young (2048K), 2 survivors (2048K)
 Metaspace       used 148398K, committed 149760K, reserved 1179648K
  class space    used 19200K, committed 19840K, reserved 1048576K
}
Event: 1797.907 GC heap before
{Heap before GC invocations=79 (full 0):
 garbage-first heap   total 414720K, used 141892K [0x0000000080000000, 0x0000000100000000)
  region size 1024K, 13 young (13312K), 2 survivors (2048K)
 Metaspace       used 148407K, committed 149760K, reserved 1179648K
  class space    used 19200K, committed 19840K, reserved 1048576K
}

